build/app/intermediates/manifest_merge_blame_file/debug/manifest-merger-blame-debug-report.txt
1<?xml version="1.0" encoding="utf-8"?>
2<manifest xmlns:android="http://schemas.android.com/apk/res/android"
3    package="com.example.flutter_banking_app"
4    android:versionCode="1"
5    android:versionName="1.0.0" >
6
7    <uses-sdk
8        android:minSdkVersion="21"
9        android:targetSdkVersion="30" />
10    <!--
11         Flutter needs it to communicate with the running application
12         to allow setting breakpoints, to provide hot reload, etc.
13    -->
14    <uses-permission android:name="android.permission.INTERNET" />
14-->src\main\AndroidManifest.xml:3:5-66
14-->src\main\AndroidManifest.xml:3:22-64
15    <uses-permission android:name="android.permission.READ_EXTERNAL_STORAGE" />
15-->[:file_picker] AndroidManifest.xml:7:5-80
15-->[:file_picker] AndroidManifest.xml:7:22-77
16
17    <queries>
17-->[:file_picker] AndroidManifest.xml:9:5-15:15
18        <intent>
18-->[:file_picker] AndroidManifest.xml:10:9-14:18
19            <action android:name="android.intent.action.GET_CONTENT" />
19-->[:file_picker] AndroidManifest.xml:11:13-72
19-->[:file_picker] AndroidManifest.xml:11:21-69
20
21            <data android:mimeType="*/*" />
21-->[:file_picker] AndroidManifest.xml:13:13-44
21-->[:file_picker] AndroidManifest.xml:13:19-41
22        </intent>
23        <!-- Added to check if Chrome is installed for browser-based payment authentication (e.g. 3DS1). -->
24        <package android:name="com.android.chrome" />
24-->[com.stripe:payments-core:18.1.0] AndroidManifest.xml:13:9-54
24-->[com.stripe:payments-core:18.1.0] AndroidManifest.xml:13:18-51
25    </queries> <!-- Include required permissions for Google Maps API to run. -->
26    <uses-permission android:name="android.permission.ACCESS_NETWORK_STATE" />
26-->[com.google.android.gms:play-services-maps:17.0.0] AndroidManifest.xml:23:5-79
26-->[com.google.android.gms:play-services-maps:17.0.0] AndroidManifest.xml:23:22-76
27
28    <uses-feature
28-->[com.google.android.gms:play-services-maps:17.0.0] AndroidManifest.xml:26:5-28:35
29        android:glEsVersion="0x00020000"
29-->[com.google.android.gms:play-services-maps:17.0.0] AndroidManifest.xml:27:9-41
30        android:required="true" />
30-->[com.google.android.gms:play-services-maps:17.0.0] AndroidManifest.xml:28:9-32
31
32    <application
32-->src\main\AndroidManifest.xml:4:4-41:19
33        android:appComponentFactory="androidx.core.app.CoreComponentFactory"
33-->[androidx.core:core:1.6.0] AndroidManifest.xml:24:18-86
34        android:debuggable="true"
35        android:icon="@mipmap/ic_launcher"
35-->src\main\AndroidManifest.xml:6:9-43
36        android:label="flutter_banking_app" >
36-->src\main\AndroidManifest.xml:5:9-44
37        <activity
37-->src\main\AndroidManifest.xml:7:9-35:20
38            android:name="com.example.flutter_banking_app.MainActivity"
38-->src\main\AndroidManifest.xml:8:13-41
39            android:configChanges="orientation|keyboardHidden|keyboard|screenSize|smallestScreenSize|locale|layoutDirection|fontScale|screenLayout|density|uiMode"
39-->src\main\AndroidManifest.xml:11:13-163
40            android:hardwareAccelerated="true"
40-->src\main\AndroidManifest.xml:12:13-47
41            android:launchMode="singleTop"
41-->src\main\AndroidManifest.xml:9:13-43
42            android:theme="@style/LaunchTheme"
42-->src\main\AndroidManifest.xml:10:13-47
43            android:windowSoftInputMode="adjustResize" >
43-->src\main\AndroidManifest.xml:13:13-55
44
45            <!--
46                 Specifies an Android theme to apply to this Activity as soon as
47                 the Android process has started. This theme is visible to the user
48                 while the Flutter UI initializes. After that, this theme continues
49                 to determine the Window background behind the Flutter UI.
50            -->
51            <meta-data
51-->src\main\AndroidManifest.xml:18:13-21:17
52                android:name="io.flutter.embedding.android.NormalTheme"
52-->src\main\AndroidManifest.xml:19:15-70
53                android:resource="@style/NormalTheme" />
53-->src\main\AndroidManifest.xml:20:15-52
54            <!--
55                 Displays an Android View that continues showing the launch screen
56                 Drawable until Flutter paints its first frame, then this splash
57                 screen fades out. A splash screen is useful to avoid any visual
58                 gap between the end of Android's launch screen and the painting of
59                 Flutter's first frame.
60            -->
61            <meta-data
61-->src\main\AndroidManifest.xml:27:13-30:17
62                android:name="io.flutter.embedding.android.SplashScreenDrawable"
62-->src\main\AndroidManifest.xml:28:15-79
63                android:resource="@drawable/launch_background" />
63-->src\main\AndroidManifest.xml:29:15-61
64
65            <intent-filter>
65-->src\main\AndroidManifest.xml:31:13-34:29
66                <action android:name="android.intent.action.MAIN" />
66-->src\main\AndroidManifest.xml:32:17-68
66-->src\main\AndroidManifest.xml:32:25-66
67
68                <category android:name="android.intent.category.LAUNCHER" />
68-->src\main\AndroidManifest.xml:33:17-76
68-->src\main\AndroidManifest.xml:33:27-74
69            </intent-filter>
70        </activity>
71        <!--
72             Don't delete the meta-data below.
73             This is used by the Flutter tool to generate GeneratedPluginRegistrant.java
74        -->
75        <meta-data
75-->src\main\AndroidManifest.xml:38:9-40:33
76            android:name="flutterEmbedding"
76-->src\main\AndroidManifest.xml:39:13-44
77            android:value="2" />
77-->src\main\AndroidManifest.xml:40:13-30
78
79        <activity
79-->[:flutter_paystack] AndroidManifest.xml:10:9-12:54
80            android:name="co.paystack.flutterpaystack.AuthActivity"
80-->[:flutter_paystack] AndroidManifest.xml:11:13-68
81            android:theme="@style/Paystack.Dialog" />
81-->[:flutter_paystack] AndroidManifest.xml:12:13-51
82        <activity
82-->[com.stripe:paymentsheet:18.1.0] AndroidManifest.xml:10:9-13:69
83            android:name="com.stripe.android.paymentsheet.PaymentSheetActivity"
83-->[com.stripe:paymentsheet:18.1.0] AndroidManifest.xml:11:13-80
84            android:exported="false"
84-->[com.stripe:paymentsheet:18.1.0] AndroidManifest.xml:12:13-37
85            android:theme="@style/StripePaymentSheetDefaultTheme" />
85-->[com.stripe:paymentsheet:18.1.0] AndroidManifest.xml:13:13-66
86        <activity
86-->[com.stripe:paymentsheet:18.1.0] AndroidManifest.xml:14:9-17:69
87            android:name="com.stripe.android.paymentsheet.PaymentOptionsActivity"
87-->[com.stripe:paymentsheet:18.1.0] AndroidManifest.xml:15:13-82
88            android:exported="false"
88-->[com.stripe:paymentsheet:18.1.0] AndroidManifest.xml:16:13-37
89            android:theme="@style/StripePaymentSheetDefaultTheme" />
89-->[com.stripe:paymentsheet:18.1.0] AndroidManifest.xml:17:13-66
90        <activity
90-->[com.stripe:payments-core:18.1.0] AndroidManifest.xml:17:9-20:57
91            android:name="com.stripe.android.view.AddPaymentMethodActivity"
91-->[com.stripe:payments-core:18.1.0] AndroidManifest.xml:18:13-76
92            android:exported="false"
92-->[com.stripe:payments-core:18.1.0] AndroidManifest.xml:19:13-37
93            android:theme="@style/StripeDefaultTheme" />
93-->[com.stripe:payments-core:18.1.0] AndroidManifest.xml:20:13-54
94        <activity
94-->[com.stripe:payments-core:18.1.0] AndroidManifest.xml:21:9-24:57
95            android:name="com.stripe.android.view.PaymentMethodsActivity"
95-->[com.stripe:payments-core:18.1.0] AndroidManifest.xml:22:13-74
96            android:exported="false"
96-->[com.stripe:payments-core:18.1.0] AndroidManifest.xml:23:13-37
97            android:theme="@style/StripeDefaultTheme" />
97-->[com.stripe:payments-core:18.1.0] AndroidManifest.xml:24:13-54
98        <activity
98-->[com.stripe:payments-core:18.1.0] AndroidManifest.xml:25:9-28:57
99            android:name="com.stripe.android.view.PaymentFlowActivity"
99-->[com.stripe:payments-core:18.1.0] AndroidManifest.xml:26:13-71
100            android:exported="false"
100-->[com.stripe:payments-core:18.1.0] AndroidManifest.xml:27:13-37
101            android:theme="@style/StripeDefaultTheme" />
101-->[com.stripe:payments-core:18.1.0] AndroidManifest.xml:28:13-54
102        <activity
102-->[com.stripe:payments-core:18.1.0] AndroidManifest.xml:29:9-33:58
103            android:name="com.stripe.android.view.PaymentAuthWebViewActivity"
103-->[com.stripe:payments-core:18.1.0] AndroidManifest.xml:30:13-78
104            android:exported="false"
104-->[com.stripe:payments-core:18.1.0] AndroidManifest.xml:31:13-37
105            android:theme="@style/StripeDefaultTheme"
105-->[com.stripe:payments-core:18.1.0] AndroidManifest.xml:32:13-54
106            android:windowSoftInputMode="adjustResize" />
106-->[com.stripe:payments-core:18.1.0] AndroidManifest.xml:33:13-55
107        <activity
107-->[com.stripe:payments-core:18.1.0] AndroidManifest.xml:34:9-37:61
108            android:name="com.stripe.android.view.PaymentRelayActivity"
108-->[com.stripe:payments-core:18.1.0] AndroidManifest.xml:35:13-72
109            android:exported="false"
109-->[com.stripe:payments-core:18.1.0] AndroidManifest.xml:36:13-37
110            android:theme="@style/StripeTransparentTheme" />
110-->[com.stripe:payments-core:18.1.0] AndroidManifest.xml:37:13-58
111        <!--
112        Set android:launchMode="singleTop" so that the StripeBrowserLauncherActivity instance that
113        launched the browser Activity will also handle the return URL deep link.
114        -->
115        <activity
115-->[com.stripe:payments-core:18.1.0] AndroidManifest.xml:43:9-60:20
116            android:name="com.stripe.android.payments.StripeBrowserLauncherActivity"
116-->[com.stripe:payments-core:18.1.0] AndroidManifest.xml:44:13-85
117            android:exported="true"
117-->[com.stripe:payments-core:18.1.0] AndroidManifest.xml:45:13-36
118            android:launchMode="singleTask"
118-->[com.stripe:payments-core:18.1.0] AndroidManifest.xml:46:13-44
119            android:theme="@style/StripeTransparentTheme" >
119-->[com.stripe:payments-core:18.1.0] AndroidManifest.xml:47:13-58
120            <intent-filter>
120-->[com.stripe:payments-core:18.1.0] AndroidManifest.xml:48:13-59:29
121                <action android:name="android.intent.action.VIEW" />
121-->[com.stripe:payments-core:18.1.0] AndroidManifest.xml:49:17-69
121-->[com.stripe:payments-core:18.1.0] AndroidManifest.xml:49:25-66
122
123                <category android:name="android.intent.category.DEFAULT" />
123-->[com.stripe:payments-core:18.1.0] AndroidManifest.xml:51:17-76
123-->[com.stripe:payments-core:18.1.0] AndroidManifest.xml:51:27-73
124                <category android:name="android.intent.category.BROWSABLE" />
124-->[com.stripe:payments-core:18.1.0] AndroidManifest.xml:52:17-78
124-->[com.stripe:payments-core:18.1.0] AndroidManifest.xml:52:27-75
125
126                <!-- Must match `DefaultReturnUrl#value`. -->
127                <data
127-->[:file_picker] AndroidManifest.xml:13:13-44
128                    android:host="payment_return_url"
129                    android:path="/com.example.flutter_banking_app"
130                    android:scheme="stripesdk" />
131            </intent-filter>
132        </activity>
133        <activity
133-->[com.stripe:payments-core:18.1.0] AndroidManifest.xml:61:9-64:57
134            android:name="com.stripe.android.payments.core.authentication.threeds2.Stripe3ds2TransactionActivity"
134-->[com.stripe:payments-core:18.1.0] AndroidManifest.xml:62:13-114
135            android:exported="false"
135-->[com.stripe:payments-core:18.1.0] AndroidManifest.xml:63:13-37
136            android:theme="@style/StripeDefaultTheme" />
136-->[com.stripe:payments-core:18.1.0] AndroidManifest.xml:64:13-54
137        <activity
137-->[com.stripe:payments-core:18.1.0] AndroidManifest.xml:65:9-68:66
138            android:name="com.stripe.android.googlepaylauncher.StripeGooglePayActivity"
138-->[com.stripe:payments-core:18.1.0] AndroidManifest.xml:66:13-88
139            android:exported="false"
139-->[com.stripe:payments-core:18.1.0] AndroidManifest.xml:67:13-37
140            android:theme="@style/StripeGooglePayDefaultTheme" />
140-->[com.stripe:payments-core:18.1.0] AndroidManifest.xml:68:13-63
141        <activity
141-->[com.stripe:payments-core:18.1.0] AndroidManifest.xml:69:9-72:66
142            android:name="com.stripe.android.googlepaylauncher.GooglePayLauncherActivity"
142-->[com.stripe:payments-core:18.1.0] AndroidManifest.xml:70:13-90
143            android:exported="false"
143-->[com.stripe:payments-core:18.1.0] AndroidManifest.xml:71:13-37
144            android:theme="@style/StripeGooglePayDefaultTheme" />
144-->[com.stripe:payments-core:18.1.0] AndroidManifest.xml:72:13-63
145        <activity
145-->[com.stripe:payments-core:18.1.0] AndroidManifest.xml:73:9-76:66
146            android:name="com.stripe.android.googlepaylauncher.GooglePayPaymentMethodLauncherActivity"
146-->[com.stripe:payments-core:18.1.0] AndroidManifest.xml:74:13-103
147            android:exported="false"
147-->[com.stripe:payments-core:18.1.0] AndroidManifest.xml:75:13-37
148            android:theme="@style/StripeGooglePayDefaultTheme" />
148-->[com.stripe:payments-core:18.1.0] AndroidManifest.xml:76:13-63
149        <activity
149-->[com.stripe:payments-core:18.1.0] AndroidManifest.xml:77:9-80:62
150            android:name="com.stripe.android.payments.paymentlauncher.PaymentLauncherConfirmationActivity"
150-->[com.stripe:payments-core:18.1.0] AndroidManifest.xml:78:13-107
151            android:exported="false"
151-->[com.stripe:payments-core:18.1.0] AndroidManifest.xml:79:13-37
152            android:theme="@style/PayLauncherDefaultTheme" />
152-->[com.stripe:payments-core:18.1.0] AndroidManifest.xml:80:13-59
153        <activity
153-->[com.stripe:stripe-3ds2-android:6.1.2] AndroidManifest.xml:10:9-13:54
154            android:name="com.stripe.android.stripe3ds2.views.ChallengeActivity"
154-->[com.stripe:stripe-3ds2-android:6.1.2] AndroidManifest.xml:11:13-81
155            android:exported="false"
155-->[com.stripe:stripe-3ds2-android:6.1.2] AndroidManifest.xml:12:13-37
156            android:theme="@style/Stripe3DS2Theme" /> <!-- Needs to be explicitly declared on P+ -->
156-->[com.stripe:stripe-3ds2-android:6.1.2] AndroidManifest.xml:13:13-51
157        <uses-library
157-->[com.google.android.gms:play-services-maps:17.0.0] AndroidManifest.xml:33:9-35:40
158            android:name="org.apache.http.legacy"
158-->[com.google.android.gms:play-services-maps:17.0.0] AndroidManifest.xml:34:13-50
159            android:required="false" />
159-->[com.google.android.gms:play-services-maps:17.0.0] AndroidManifest.xml:35:13-37
160
161        <activity
161-->[com.google.android.gms:play-services-base:17.5.0] AndroidManifest.xml:23:9-26:75
162            android:name="com.google.android.gms.common.api.GoogleApiActivity"
162-->[com.google.android.gms:play-services-base:17.5.0] AndroidManifest.xml:24:13-79
163            android:exported="false"
163-->[com.google.android.gms:play-services-base:17.5.0] AndroidManifest.xml:25:13-37
164            android:theme="@android:style/Theme.Translucent.NoTitleBar" />
164-->[com.google.android.gms:play-services-base:17.5.0] AndroidManifest.xml:26:13-72
165
166        <meta-data
166-->[com.google.android.gms:play-services-basement:17.5.0] AndroidManifest.xml:23:9-25:69
167            android:name="com.google.android.gms.version"
167-->[com.google.android.gms:play-services-basement:17.5.0] AndroidManifest.xml:24:13-58
168            android:value="@integer/google_play_services_version" />
168-->[com.google.android.gms:play-services-basement:17.5.0] AndroidManifest.xml:25:13-66
169
170        <provider
170-->[androidx.profileinstaller:profileinstaller:1.0.4] AndroidManifest.xml:26:9-34:20
171            android:name="androidx.startup.InitializationProvider"
171-->[androidx.profileinstaller:profileinstaller:1.0.4] AndroidManifest.xml:27:13-67
172            android:authorities="com.example.flutter_banking_app.androidx-startup"
172-->[androidx.profileinstaller:profileinstaller:1.0.4] AndroidManifest.xml:28:13-68
173            android:exported="false" >
173-->[androidx.profileinstaller:profileinstaller:1.0.4] AndroidManifest.xml:29:13-37
174            <meta-data
174-->[androidx.profileinstaller:profileinstaller:1.0.4] AndroidManifest.xml:31:13-33:52
175                android:name="androidx.profileinstaller.ProfileInstallerInitializer"
175-->[androidx.profileinstaller:profileinstaller:1.0.4] AndroidManifest.xml:32:17-85
176                android:value="androidx.startup" />
176-->[androidx.profileinstaller:profileinstaller:1.0.4] AndroidManifest.xml:33:17-49
177        </provider>
178
179        <receiver
179-->[androidx.profileinstaller:profileinstaller:1.0.4] AndroidManifest.xml:36:9-45:20
180            android:name="androidx.profileinstaller.ProfileInstallReceiver"
180-->[androidx.profileinstaller:profileinstaller:1.0.4] AndroidManifest.xml:37:13-76
181            android:directBootAware="false"
181-->[androidx.profileinstaller:profileinstaller:1.0.4] AndroidManifest.xml:38:13-44
182            android:enabled="true"
182-->[androidx.profileinstaller:profileinstaller:1.0.4] AndroidManifest.xml:39:13-35
183            android:exported="true"
183-->[androidx.profileinstaller:profileinstaller:1.0.4] AndroidManifest.xml:40:13-36
184            android:permission="android.permission.DUMP" >
184-->[androidx.profileinstaller:profileinstaller:1.0.4] AndroidManifest.xml:41:13-57
185            <intent-filter>
185-->[androidx.profileinstaller:profileinstaller:1.0.4] AndroidManifest.xml:42:13-44:29
186                <action android:name="androidx.profileinstaller.action.INSTALL_PROFILE" />
186-->[androidx.profileinstaller:profileinstaller:1.0.4] AndroidManifest.xml:43:17-91
186-->[androidx.profileinstaller:profileinstaller:1.0.4] AndroidManifest.xml:43:25-88
187            </intent-filter>
188        </receiver>
189    </application>
190
191</manifest>